2019-12-25 01:28:52.921 [      main]TRACE                          - Initializting the log file in before suite
2019-12-25 01:28:52.927 [      main]TRACE                          - beforetest annotations has been used for the test: Default test
2019-12-25 01:28:52.961 [      main]TRACE                          - Executing the test case:navigate_to_homePage
2019-12-25 01:28:52.969 [      main]INFO                           - Launching the browser
2019-12-25 01:29:29.084 [      main]INFO                           - Application is launched
2019-12-25 01:29:30.248 [      main]TRACE                          - Completed the testcase:navigate_to_homePage
2019-12-25 01:29:30.251 [      main]TRACE                          - Executing the test case:validate_homePage
2019-12-25 01:29:30.253 [      main]TRACE                          - Validating the home page title
2019-12-25 01:29:30.334 [      main]TRACE                          - Home page title is validated
2019-12-25 01:29:31.201 [      main]TRACE                          - Completed the testcase:validate_homePage
2019-12-25 01:29:31.203 [      main]TRACE                          - Executing the test case:navigate_to_resultPage
2019-12-25 01:29:31.205 [      main]TRACE                          - Navigating to the Result Page
2019-12-25 01:29:35.333 [      main]TRACE                          - Navigated to Result Page
2019-12-25 01:29:36.075 [      main]TRACE                          - Completed the testcase:navigate_to_resultPage
2019-12-25 01:29:36.077 [      main]TRACE                          - Executing the test case:enteringInputInSearch
2019-12-25 01:29:37.399 [      main]TRACE                          - Completed the testcase:enteringInputInSearch
2019-12-25 01:29:37.401 [      main]TRACE                          - Executing the test case:navigate_to_reviewPage
2019-12-25 01:29:37.847 [      main]TRACE                          - Completed the testcase:navigate_to_reviewPage
2019-12-25 01:29:37.848 [      main]TRACE                          - Executing the test case:click_on_reviewLink
2019-12-25 01:29:43.640 [      main]TRACE                          - Completed the testcase:click_on_reviewLink
2019-12-25 01:29:44.755 [      main]TRACE                          - Exceution has been completed
