2019-12-25 02:42:05.214 [      main]TRACE                          - Initializting the log file in before suite
2019-12-25 02:42:05.222 [      main]TRACE                          - beforetest annotations has been used for the test: Default test
2019-12-25 02:42:05.257 [      main]TRACE                          - Executing the test case:navigate_to_homePage
2019-12-25 02:42:05.267 [      main]INFO                           - Launching the browser
2019-12-25 02:43:29.896 [      main]INFO                           - Application is launched
2019-12-25 02:43:30.927 [      main]TRACE                          - Completed the testcase:navigate_to_homePage
2019-12-25 02:43:30.930 [      main]TRACE                          - Executing the test case:validate_homePage
2019-12-25 02:43:30.932 [      main]TRACE                          - Validating the home page title
2019-12-25 02:43:31.035 [      main]TRACE                          - Home page title is validated
2019-12-25 02:43:31.913 [      main]TRACE                          - Completed the testcase:validate_homePage
2019-12-25 02:43:31.917 [      main]TRACE                          - Executing the test case:navigate_to_resultPage
2019-12-25 02:43:31.922 [      main]TRACE                          - Navigating to the Result Page
2019-12-25 02:43:35.099 [      main]TRACE                          - Navigated to Result Page
2019-12-25 02:43:36.254 [      main]TRACE                          - Completed the testcase:navigate_to_resultPage
2019-12-25 02:43:36.257 [      main]TRACE                          - Executing the test case:enteringInputInSearch
2019-12-25 02:43:37.758 [      main]TRACE                          - Completed the testcase:enteringInputInSearch
2019-12-25 02:43:37.759 [      main]TRACE                          - Executing the test case:navigate_to_reviewPage
2019-12-25 02:43:38.162 [      main]TRACE                          - Completed the testcase:navigate_to_reviewPage
2019-12-25 02:43:38.163 [      main]TRACE                          - Executing the test case:move_on_reviewLink
2019-12-25 02:43:46.179 [      main]TRACE                          - Completed the testcase:move_on_reviewLink
2019-12-25 02:43:46.181 [      main]TRACE                          - Executing the test case:click_on_reviewLink
2019-12-25 02:43:47.195 [      main]TRACE                          - Completed the testcase:click_on_reviewLink
2019-12-25 02:43:47.197 [      main]TRACE                          - Executing the test case:navigate_to_submit_review
2019-12-25 02:43:49.492 [      main]TRACE                          - Completed the testcase:navigate_to_submit_review
2019-12-25 02:43:49.493 [      main]TRACE                          - Executing the test case:review
2019-12-25 02:43:52.150 [      main]TRACE                          - Completed the testcase:review
2019-12-25 02:43:52.152 [      main]TRACE                          - Executing the test case:move_to_hotelRatings
2019-12-25 02:43:52.724 [      main]TRACE                          - Completed the testcase:move_to_hotelRatings
2019-12-25 02:43:52.725 [      main]TRACE                          - Executing the test case:ratings_for_hotel_ratings
2019-12-25 02:43:56.486 [      main]TRACE                          - Completed the testcase:ratings_for_hotel_ratings
2019-12-25 02:43:57.165 [      main]TRACE                          - Exceution has been completed
