2019-12-25 14:20:52.805 [      main]TRACE                          - Initializting the log file in before suite
2019-12-25 14:20:52.811 [      main]TRACE                          - beforetest annotations has been used for the test: testcase1
2019-12-25 14:20:52.834 [      main]TRACE                          - Executing the test case:navigate_to_homePage
2019-12-25 14:20:52.848 [      main]INFO                           - Launching the browser
2019-12-25 14:21:10.711 [      main]INFO                           - Application is launched
2019-12-25 14:21:11.783 [      main]TRACE                          - Completed the testcase:navigate_to_homePage
2019-12-25 14:21:11.800 [      main]TRACE                          - Executing the test case:validate_homePage
2019-12-25 14:21:11.801 [      main]TRACE                          - Validating the home page title
2019-12-25 14:21:11.898 [      main]TRACE                          - Home page title is validated
2019-12-25 14:21:12.719 [      main]TRACE                          - Completed the testcase:validate_homePage
2019-12-25 14:21:12.720 [      main]TRACE                          - Executing the test case:navigate_to_resultPage
2019-12-25 14:21:12.722 [      main]TRACE                          - Navigating to the Result Page
2019-12-25 14:21:15.094 [      main]TRACE                          - Navigated to Result Page
2019-12-25 14:21:15.757 [      main]TRACE                          - Completed the testcase:navigate_to_resultPage
2019-12-25 14:21:15.758 [      main]TRACE                          - Executing the test case:enteringInputInSearch
2019-12-25 14:21:17.459 [      main]TRACE                          - Completed the testcase:enteringInputInSearch
2019-12-25 14:21:17.461 [      main]TRACE                          - Executing the test case:navigate_to_reviewPage
2019-12-25 14:21:17.982 [      main]TRACE                          - Completed the testcase:navigate_to_reviewPage
2019-12-25 14:21:17.984 [      main]TRACE                          - Executing the test case:move_on_reviewLink
2019-12-25 14:21:24.017 [      main]TRACE                          - Completed the testcase:move_on_reviewLink
2019-12-25 14:21:24.019 [      main]TRACE                          - Executing the test case:click_on_reviewLink
2019-12-25 14:21:25.006 [      main]TRACE                          - Completed the testcase:click_on_reviewLink
2019-12-25 14:21:25.007 [      main]TRACE                          - Executing the test case:navigate_to_submit_review
2019-12-25 14:21:27.283 [      main]TRACE                          - Completed the testcase:navigate_to_submit_review
2019-12-25 14:21:27.284 [      main]TRACE                          - Executing the test case:review
2019-12-25 14:21:30.358 [      main]TRACE                          - Completed the testcase:review
2019-12-25 14:21:30.360 [      main]TRACE                          - Executing the test case:move_to_hotelRatings
2019-12-25 14:21:30.798 [      main]TRACE                          - Completed the testcase:move_to_hotelRatings
2019-12-25 14:21:30.800 [      main]TRACE                          - Executing the test case:ratings_for_hotel_ratings
2019-12-25 14:21:34.387 [      main]TRACE                          - Completed the testcase:ratings_for_hotel_ratings
2019-12-25 14:21:34.878 [      main]TRACE                          - Exceution has been completed
