2019-12-25 01:48:15.142 [      main]TRACE                          - Initializting the log file in before suite
2019-12-25 01:48:15.151 [      main]TRACE                          - beforetest annotations has been used for the test: Default test
2019-12-25 01:48:15.185 [      main]TRACE                          - Executing the test case:navigate_to_homePage
2019-12-25 01:48:15.195 [      main]INFO                           - Launching the browser
2019-12-25 01:49:06.171 [      main]INFO                           - Application is launched
2019-12-25 01:49:07.330 [      main]TRACE                          - Completed the testcase:navigate_to_homePage
2019-12-25 01:49:07.360 [      main]TRACE                          - Executing the test case:validate_homePage
2019-12-25 01:49:07.364 [      main]TRACE                          - Validating the home page title
2019-12-25 01:49:07.476 [      main]TRACE                          - Home page title is validated
2019-12-25 01:49:08.251 [      main]TRACE                          - Completed the testcase:validate_homePage
2019-12-25 01:49:08.259 [      main]TRACE                          - Executing the test case:navigate_to_resultPage
2019-12-25 01:49:08.261 [      main]TRACE                          - Navigating to the Result Page
2019-12-25 01:49:11.660 [      main]TRACE                          - Navigated to Result Page
2019-12-25 01:49:12.593 [      main]TRACE                          - Completed the testcase:navigate_to_resultPage
2019-12-25 01:49:12.595 [      main]TRACE                          - Executing the test case:enteringInputInSearch
2019-12-25 01:49:14.725 [      main]TRACE                          - Completed the testcase:enteringInputInSearch
2019-12-25 01:49:14.731 [      main]TRACE                          - Executing the test case:navigate_to_reviewPage
2019-12-25 01:49:15.272 [      main]TRACE                          - Completed the testcase:navigate_to_reviewPage
2019-12-25 01:49:15.273 [      main]TRACE                          - Executing the test case:move_on_reviewLink
2019-12-25 01:49:25.397 [      main]TRACE                          - Completed the testcase:move_on_reviewLink
2019-12-25 01:49:25.398 [      main]TRACE                          - Executing the test case:click_on_reviewLink
2019-12-25 01:49:26.617 [      main]TRACE                          - Completed the testcase:click_on_reviewLink
2019-12-25 01:49:26.619 [      main]TRACE                          - Executing the test case:navigate_to_submit_review
2019-12-25 01:49:27.108 [      main]TRACE                          - Completed the testcase:navigate_to_submit_review
2019-12-25 01:49:27.917 [      main]TRACE                          - Exceution has been completed
