2019-12-25 14:25:33.878 [      main]TRACE                          - Initializting the log file in before suite
2019-12-25 14:25:33.884 [      main]TRACE                          - beforetest annotations has been used for the test: testcase1
2019-12-25 14:25:33.913 [      main]TRACE                          - Executing the test case:navigate_to_homePage
2019-12-25 14:25:33.922 [      main]INFO                           - Launching the browser
2019-12-25 14:25:51.888 [      main]INFO                           - Application is launched
2019-12-25 14:25:52.840 [      main]TRACE                          - Completed the testcase:navigate_to_homePage
2019-12-25 14:25:52.843 [      main]TRACE                          - Executing the test case:validate_homePage
2019-12-25 14:25:52.845 [      main]TRACE                          - Validating the home page title
2019-12-25 14:25:52.927 [      main]TRACE                          - Home page title is validated
2019-12-25 14:25:53.706 [      main]TRACE                          - Completed the testcase:validate_homePage
2019-12-25 14:25:53.707 [      main]TRACE                          - Executing the test case:navigate_to_resultPage
2019-12-25 14:25:53.709 [      main]TRACE                          - Navigating to the Result Page
2019-12-25 14:25:56.422 [      main]TRACE                          - Navigated to Result Page
2019-12-25 14:25:57.043 [      main]TRACE                          - Completed the testcase:navigate_to_resultPage
2019-12-25 14:25:57.045 [      main]TRACE                          - Executing the test case:enteringInputInSearch
2019-12-25 14:25:58.248 [      main]TRACE                          - Completed the testcase:enteringInputInSearch
2019-12-25 14:25:58.249 [      main]TRACE                          - Executing the test case:navigate_to_reviewPage
2019-12-25 14:25:58.881 [      main]TRACE                          - Completed the testcase:navigate_to_reviewPage
2019-12-25 14:25:58.883 [      main]TRACE                          - Executing the test case:move_on_reviewLink
2019-12-25 14:26:05.014 [      main]TRACE                          - Completed the testcase:move_on_reviewLink
2019-12-25 14:26:05.015 [      main]TRACE                          - Executing the test case:click_on_reviewLink
2019-12-25 14:26:06.042 [      main]TRACE                          - Completed the testcase:click_on_reviewLink
2019-12-25 14:26:06.044 [      main]TRACE                          - Executing the test case:navigate_to_submit_review
2019-12-25 14:26:08.055 [      main]TRACE                          - Completed the testcase:navigate_to_submit_review
2019-12-25 14:26:08.056 [      main]TRACE                          - Executing the test case:review
2019-12-25 14:26:10.857 [      main]TRACE                          - Completed the testcase:review
2019-12-25 14:26:10.858 [      main]TRACE                          - Executing the test case:move_to_hotelRatings
2019-12-25 14:26:11.790 [      main]TRACE                          - Completed the testcase:move_to_hotelRatings
2019-12-25 14:26:11.792 [      main]TRACE                          - Executing the test case:ratings_for_hotel_ratings
2019-12-25 14:26:18.520 [      main]TRACE                          - Completed the testcase:ratings_for_hotel_ratings
2019-12-25 14:26:18.521 [      main]TRACE                          - Executing the test case:move_to_submitButton
2019-12-25 14:26:18.930 [      main]TRACE                          - Completed the testcase:move_to_submitButton
2019-12-25 14:26:19.389 [      main]TRACE                          - Exceution has been completed
