2019-12-25 02:03:51.758 [      main]TRACE                          - Initializting the log file in before suite
2019-12-25 02:03:51.765 [      main]TRACE                          - beforetest annotations has been used for the test: Default test
2019-12-25 02:03:51.796 [      main]TRACE                          - Executing the test case:navigate_to_homePage
2019-12-25 02:03:51.805 [      main]INFO                           - Launching the browser
2019-12-25 02:04:41.488 [      main]INFO                           - Application is launched
2019-12-25 02:04:42.877 [      main]TRACE                          - Completed the testcase:navigate_to_homePage
2019-12-25 02:04:42.881 [      main]TRACE                          - Executing the test case:validate_homePage
2019-12-25 02:04:42.885 [      main]TRACE                          - Validating the home page title
2019-12-25 02:04:42.984 [      main]TRACE                          - Home page title is validated
2019-12-25 02:04:44.257 [      main]TRACE                          - Completed the testcase:validate_homePage
2019-12-25 02:04:44.258 [      main]TRACE                          - Executing the test case:navigate_to_resultPage
2019-12-25 02:04:44.259 [      main]TRACE                          - Navigating to the Result Page
2019-12-25 02:04:48.489 [      main]TRACE                          - Navigated to Result Page
2019-12-25 02:04:50.551 [      main]TRACE                          - Completed the testcase:navigate_to_resultPage
2019-12-25 02:04:50.553 [      main]TRACE                          - Executing the test case:enteringInputInSearch
2019-12-25 02:04:52.957 [      main]TRACE                          - Completed the testcase:enteringInputInSearch
2019-12-25 02:04:52.966 [      main]TRACE                          - Executing the test case:navigate_to_reviewPage
2019-12-25 02:04:53.683 [      main]TRACE                          - Completed the testcase:navigate_to_reviewPage
2019-12-25 02:04:53.685 [      main]TRACE                          - Executing the test case:move_on_reviewLink
2019-12-25 02:05:16.176 [      main]TRACE                          - Completed the testcase:move_on_reviewLink
2019-12-25 02:05:16.177 [      main]TRACE                          - Executing the test case:click_on_reviewLink
2019-12-25 02:05:17.466 [      main]TRACE                          - Completed the testcase:click_on_reviewLink
2019-12-25 02:05:17.468 [      main]TRACE                          - Executing the test case:navigate_to_submit_review
2019-12-25 02:05:17.854 [      main]TRACE                          - Completed the testcase:navigate_to_submit_review
2019-12-25 02:05:17.855 [      main]TRACE                          - Executing the test case:review
2019-12-25 02:05:20.940 [      main]TRACE                          - Completed the testcase:review
2019-12-25 02:05:21.505 [      main]TRACE                          - Exceution has been completed
