2019-12-25 02:54:14.131 [      main]TRACE                          - Initializting the log file in before suite
2019-12-25 02:54:14.138 [      main]TRACE                          - beforetest annotations has been used for the test: testcase1
2019-12-25 02:54:14.176 [      main]TRACE                          - Executing the test case:navigate_to_homePage
2019-12-25 02:54:14.184 [      main]INFO                           - Launching the browser
2019-12-25 02:54:41.745 [      main]INFO                           - Application is launched
2019-12-25 02:54:42.641 [      main]TRACE                          - Completed the testcase:navigate_to_homePage
2019-12-25 02:54:42.645 [      main]TRACE                          - Executing the test case:validate_homePage
2019-12-25 02:54:42.647 [      main]TRACE                          - Validating the home page title
2019-12-25 02:54:42.735 [      main]TRACE                          - Home page title is validated
2019-12-25 02:54:43.623 [      main]TRACE                          - Completed the testcase:validate_homePage
2019-12-25 02:54:43.624 [      main]TRACE                          - Executing the test case:navigate_to_resultPage
2019-12-25 02:54:43.626 [      main]TRACE                          - Navigating to the Result Page
2019-12-25 02:54:47.586 [      main]TRACE                          - Navigated to Result Page
2019-12-25 02:54:48.235 [      main]TRACE                          - Completed the testcase:navigate_to_resultPage
2019-12-25 02:54:48.236 [      main]TRACE                          - Executing the test case:enteringInputInSearch
2019-12-25 02:54:50.113 [      main]TRACE                          - Completed the testcase:enteringInputInSearch
2019-12-25 02:54:50.116 [      main]TRACE                          - Executing the test case:navigate_to_reviewPage
2019-12-25 02:54:50.690 [      main]TRACE                          - Completed the testcase:navigate_to_reviewPage
2019-12-25 02:54:50.692 [      main]TRACE                          - Executing the test case:move_on_reviewLink
2019-12-25 02:54:59.807 [      main]TRACE                          - Completed the testcase:move_on_reviewLink
2019-12-25 02:54:59.809 [      main]TRACE                          - Executing the test case:click_on_reviewLink
2019-12-25 02:55:00.999 [      main]TRACE                          - Completed the testcase:click_on_reviewLink
2019-12-25 02:55:01.001 [      main]TRACE                          - Executing the test case:navigate_to_submit_review
2019-12-25 02:55:03.812 [      main]TRACE                          - Completed the testcase:navigate_to_submit_review
2019-12-25 02:55:03.813 [      main]TRACE                          - Executing the test case:review
2019-12-25 02:55:07.924 [      main]TRACE                          - Completed the testcase:review
2019-12-25 02:55:07.926 [      main]TRACE                          - Executing the test case:move_to_hotelRatings
2019-12-25 02:55:08.612 [      main]TRACE                          - Completed the testcase:move_to_hotelRatings
2019-12-25 02:55:08.614 [      main]TRACE                          - Executing the test case:ratings_for_hotel_ratings
2019-12-25 02:55:12.311 [      main]TRACE                          - Completed the testcase:ratings_for_hotel_ratings
2019-12-25 02:55:12.775 [      main]TRACE                          - Exceution has been completed
